app/build/intermediates/manifest_merge_blame_file/debug/manifest-merger-blame-debug-report.txt
1<?xml version="1.0" encoding="utf-8"?>
2<manifest xmlns:android="http://schemas.android.com/apk/res/android"
3    package="com.example.Lab4_ToDo"
4    android:versionCode="1"
5    android:versionName="1.0" >
6
7    <uses-sdk
8        android:minSdkVersion="24"
8-->src\main\AndroidManifest.xml
9        android:targetSdkVersion="30" />
9-->src\main\AndroidManifest.xml
10
11    <application
11-->src\main\AndroidManifest.xml:4:5-25:19
12        android:allowBackup="true"
12-->src\main\AndroidManifest.xml:5:9-35
13        android:appComponentFactory="androidx.core.app.CoreComponentFactory"
13-->[androidx.core:core:1.5.0] AndroidManifest.xml:24:18-86
14        android:debuggable="true"
15        android:extractNativeLibs="false"
16        android:icon="@mipmap/ic_launcher"
16-->src\main\AndroidManifest.xml:6:9-43
17        android:label="@string/app_name"
17-->src\main\AndroidManifest.xml:7:9-41
18        android:roundIcon="@mipmap/ic_launcher_round"
18-->src\main\AndroidManifest.xml:8:9-54
19        android:supportsRtl="true"
19-->src\main\AndroidManifest.xml:9:9-35
20        android:testOnly="true"
21        android:theme="@style/Theme.mytheme" >
21-->src\main\AndroidManifest.xml:10:9-45
22        <activity android:name="com.example.todo.FirstScreen" >
22-->src\main\AndroidManifest.xml:11:9-16:20
22-->src\main\AndroidManifest.xml:11:19-46
23            <intent-filter>
23-->src\main\AndroidManifest.xml:12:13-15:29
24                <action android:name="android.intent.action.MAIN" />
24-->src\main\AndroidManifest.xml:13:17-69
24-->src\main\AndroidManifest.xml:13:25-66
25
26                <category android:name="android.intent.category.LAUNCHER" />
26-->src\main\AndroidManifest.xml:14:17-77
26-->src\main\AndroidManifest.xml:14:27-74
27            </intent-filter>
28        </activity>
29        <activity
29-->src\main\AndroidManifest.xml:17:9-19:57
30            android:name="com.example.todo.DeleteTask"
30-->src\main\AndroidManifest.xml:18:13-39
31            android:windowSoftInputMode="adjustResize" />
31-->src\main\AndroidManifest.xml:19:13-55
32        <activity
32-->src\main\AndroidManifest.xml:20:9-22:58
33            android:name="com.example.todo.CreateTask"
33-->src\main\AndroidManifest.xml:21:13-39
34            android:windowSoftInputMode="adjustResize" />
34-->src\main\AndroidManifest.xml:22:13-55
35        <activity android:name="com.example.todo.MainActivity" >
35-->src\main\AndroidManifest.xml:23:9-24:20
35-->src\main\AndroidManifest.xml:23:19-47
36        </activity>
37
38        <service
38-->[androidx.room:room-runtime:2.3.0] AndroidManifest.xml:25:9-28:40
39            android:name="androidx.room.MultiInstanceInvalidationService"
39-->[androidx.room:room-runtime:2.3.0] AndroidManifest.xml:26:13-74
40            android:directBootAware="true"
40-->[androidx.room:room-runtime:2.3.0] AndroidManifest.xml:27:13-43
41            android:exported="false" />
41-->[androidx.room:room-runtime:2.3.0] AndroidManifest.xml:28:13-37
42
43        <provider
43-->[androidx.lifecycle:lifecycle-process:2.0.0-alpha1] AndroidManifest.xml:23:9-27:43
44            android:name="androidx.lifecycle.ProcessLifecycleOwnerInitializer"
44-->[androidx.lifecycle:lifecycle-process:2.0.0-alpha1] AndroidManifest.xml:24:13-79
45            android:authorities="com.example.Lab4_ToDo.lifecycle-process"
45-->[androidx.lifecycle:lifecycle-process:2.0.0-alpha1] AndroidManifest.xml:25:13-69
46            android:exported="false"
46-->[androidx.lifecycle:lifecycle-process:2.0.0-alpha1] AndroidManifest.xml:26:13-37
47            android:multiprocess="true" />
47-->[androidx.lifecycle:lifecycle-process:2.0.0-alpha1] AndroidManifest.xml:27:13-40
48    </application>
49
50</manifest>